compute-0-0
     state = free
     np = 24
     properties = amd
     ntype = cluster
     jobs = 5/288578.furnace.wfw.wtb.tue.nl, 6/288578.furnace.wfw.wtb.tue.nl, 7/288578.furnace.wfw.wtb.tue.nl, 8/286063.furnace.wfw.wtb.tue.nl, 9/288578.furnace.wfw.wtb.tue.nl, 10/288578.furnace.wfw.wtb.tue.nl, 11/288578.furnace.wfw.wtb.tue.nl, 12/288579.furnace.wfw.wtb.tue.nl, 13/288579.furnace.wfw.wtb.tue.nl, 14/288579.furnace.wfw.wtb.tue.nl, 15/288579.furnace.wfw.wtb.tue.nl, 16/288579.furnace.wfw.wtb.tue.nl, 17/288579.furnace.wfw.wtb.tue.nl, 18/288580.furnace.wfw.wtb.tue.nl, 19/288580.furnace.wfw.wtb.tue.nl, 20/288580.furnace.wfw.wtb.tue.nl, 21/288580.furnace.wfw.wtb.tue.nl, 22/288580.furnace.wfw.wtb.tue.nl, 23/288580.furnace.wfw.wtb.tue.nl
     status = opsys=linux,uname=Linux compute-0-0.local 2.6.18-164.6.1.el5 #1 SMP Tue Nov 3 16:12:36 EST 2009 x86_64,sessions=5594 5777 5925 30859,nsessions=4,nusers=2,idletime=705694,totmem=197639216kb,availmem=193334588kb,physmem=132102060kb,ncpus=24,loadave=19.00,netload=748372573984,state=free,jobs=286063.furnace.wfw.wtb.tue.nl 288578.furnace.wfw.wtb.tue.nl 288579.furnace.wfw.wtb.tue.nl 288580.furnace.wfw.wtb.tue.nl,varattr=,rectime=1427486283

compute-0-1
     state = job-exclusive
     np = 24
     properties = amd
     ntype = cluster
     jobs = 0/287593.furnace.wfw.wtb.tue.nl, 1/287593.furnace.wfw.wtb.tue.nl, 2/287593.furnace.wfw.wtb.tue.nl, 3/287593.furnace.wfw.wtb.tue.nl, 4/287593.furnace.wfw.wtb.tue.nl, 5/287593.furnace.wfw.wtb.tue.nl, 6/287593.furnace.wfw.wtb.tue.nl, 7/287593.furnace.wfw.wtb.tue.nl, 8/287593.furnace.wfw.wtb.tue.nl, 9/287593.furnace.wfw.wtb.tue.nl, 10/287593.furnace.wfw.wtb.tue.nl, 11/287593.furnace.wfw.wtb.tue.nl, 12/287593.furnace.wfw.wtb.tue.nl, 13/287593.furnace.wfw.wtb.tue.nl, 14/287593.furnace.wfw.wtb.tue.nl, 15/287593.furnace.wfw.wtb.tue.nl, 16/287593.furnace.wfw.wtb.tue.nl, 17/287593.furnace.wfw.wtb.tue.nl, 18/287593.furnace.wfw.wtb.tue.nl, 19/287593.furnace.wfw.wtb.tue.nl, 20/287593.furnace.wfw.wtb.tue.nl, 21/287593.furnace.wfw.wtb.tue.nl, 22/287593.furnace.wfw.wtb.tue.nl, 23/287593.furnace.wfw.wtb.tue.nl
     status = opsys=linux,uname=Linux compute-0-1.local 2.6.18-164.6.1.el5 #1 SMP Tue Nov 3 16:12:36 EST 2009 x86_64,sessions=20285,nsessions=1,nusers=1,idletime=3643069,totmem=197639160kb,availmem=187349932kb,physmem=132102004kb,ncpus=24,loadave=24.02,netload=441569929846,state=free,jobs=167409.furnace.wfw.wtb.tue.nl 287593.furnace.wfw.wtb.tue.nl,varattr=,rectime=1427486282

compute-0-2
     state = job-exclusive
     np = 24
     properties = amd
     ntype = cluster
     jobs = 0/287820.furnace.wfw.wtb.tue.nl, 1/287820.furnace.wfw.wtb.tue.nl, 2/287820.furnace.wfw.wtb.tue.nl, 3/287820.furnace.wfw.wtb.tue.nl, 4/287820.furnace.wfw.wtb.tue.nl, 5/287820.furnace.wfw.wtb.tue.nl, 6/287820.furnace.wfw.wtb.tue.nl, 7/287820.furnace.wfw.wtb.tue.nl, 8/287820.furnace.wfw.wtb.tue.nl, 9/287820.furnace.wfw.wtb.tue.nl, 10/287820.furnace.wfw.wtb.tue.nl, 11/287820.furnace.wfw.wtb.tue.nl, 12/287820.furnace.wfw.wtb.tue.nl, 13/287820.furnace.wfw.wtb.tue.nl, 14/287820.furnace.wfw.wtb.tue.nl, 15/287820.furnace.wfw.wtb.tue.nl, 16/287820.furnace.wfw.wtb.tue.nl, 17/287820.furnace.wfw.wtb.tue.nl, 18/287820.furnace.wfw.wtb.tue.nl, 19/287820.furnace.wfw.wtb.tue.nl, 20/287820.furnace.wfw.wtb.tue.nl, 21/287820.furnace.wfw.wtb.tue.nl, 22/287820.furnace.wfw.wtb.tue.nl, 23/287820.furnace.wfw.wtb.tue.nl
     status = opsys=linux,uname=Linux compute-0-2.local 2.6.18-164.6.1.el5 #1 SMP Tue Nov 3 16:12:36 EST 2009 x86_64,sessions=8666,nsessions=1,nusers=1,idletime=124009,totmem=197639216kb,availmem=194156720kb,physmem=132102060kb,ncpus=24,loadave=24.00,netload=144092337733,state=free,jobs=287820.furnace.wfw.wtb.tue.nl,varattr=,rectime=1427486282

compute-0-3
     state = job-exclusive
     np = 24
     properties = amd
     ntype = cluster
     jobs = 0/287594.furnace.wfw.wtb.tue.nl, 1/287594.furnace.wfw.wtb.tue.nl, 2/287594.furnace.wfw.wtb.tue.nl, 3/287594.furnace.wfw.wtb.tue.nl, 4/287594.furnace.wfw.wtb.tue.nl, 5/287594.furnace.wfw.wtb.tue.nl, 6/287594.furnace.wfw.wtb.tue.nl, 7/287594.furnace.wfw.wtb.tue.nl, 8/287594.furnace.wfw.wtb.tue.nl, 9/287594.furnace.wfw.wtb.tue.nl, 10/287594.furnace.wfw.wtb.tue.nl, 11/287594.furnace.wfw.wtb.tue.nl, 12/287594.furnace.wfw.wtb.tue.nl, 13/287594.furnace.wfw.wtb.tue.nl, 14/287594.furnace.wfw.wtb.tue.nl, 15/287594.furnace.wfw.wtb.tue.nl, 16/287594.furnace.wfw.wtb.tue.nl, 17/287594.furnace.wfw.wtb.tue.nl, 18/287594.furnace.wfw.wtb.tue.nl, 19/287594.furnace.wfw.wtb.tue.nl, 20/287594.furnace.wfw.wtb.tue.nl, 21/287594.furnace.wfw.wtb.tue.nl, 22/287594.furnace.wfw.wtb.tue.nl, 23/287594.furnace.wfw.wtb.tue.nl
     status = opsys=linux,uname=Linux compute-0-3.local 2.6.18-164.6.1.el5 #1 SMP Tue Nov 3 16:12:36 EST 2009 x86_64,sessions=20930,nsessions=1,nusers=1,idletime=895596,totmem=197639160kb,availmem=189474492kb,physmem=132102004kb,ncpus=24,loadave=23.99,netload=304101861279,state=free,jobs=287594.furnace.wfw.wtb.tue.nl,varattr=,rectime=1427486282

compute-0-5
     state = job-exclusive
     np = 24
     properties = amd
     ntype = cluster
     jobs = 0/287595.furnace.wfw.wtb.tue.nl, 1/287595.furnace.wfw.wtb.tue.nl, 2/287595.furnace.wfw.wtb.tue.nl, 3/287595.furnace.wfw.wtb.tue.nl, 4/287595.furnace.wfw.wtb.tue.nl, 5/287595.furnace.wfw.wtb.tue.nl, 6/287595.furnace.wfw.wtb.tue.nl, 7/287595.furnace.wfw.wtb.tue.nl, 8/287595.furnace.wfw.wtb.tue.nl, 9/287595.furnace.wfw.wtb.tue.nl, 10/287595.furnace.wfw.wtb.tue.nl, 11/287595.furnace.wfw.wtb.tue.nl, 12/287595.furnace.wfw.wtb.tue.nl, 13/287595.furnace.wfw.wtb.tue.nl, 14/287595.furnace.wfw.wtb.tue.nl, 15/287595.furnace.wfw.wtb.tue.nl, 16/287595.furnace.wfw.wtb.tue.nl, 17/287595.furnace.wfw.wtb.tue.nl, 18/287595.furnace.wfw.wtb.tue.nl, 19/287595.furnace.wfw.wtb.tue.nl, 20/287595.furnace.wfw.wtb.tue.nl, 21/287595.furnace.wfw.wtb.tue.nl, 22/287595.furnace.wfw.wtb.tue.nl, 23/287595.furnace.wfw.wtb.tue.nl
     status = opsys=linux,uname=Linux compute-0-5.local 2.6.18-164.6.1.el5 #1 SMP Tue Nov 3 16:12:36 EST 2009 x86_64,sessions=22500,nsessions=1,nusers=1,idletime=3643053,totmem=197639160kb,availmem=188850036kb,physmem=132102004kb,ncpus=24,loadave=23.98,netload=91093932140,state=free,jobs=167409.furnace.wfw.wtb.tue.nl 287595.furnace.wfw.wtb.tue.nl,varattr=,rectime=1427486285

compute-0-6
     state = job-exclusive
     np = 24
     properties = amd
     ntype = cluster
     jobs = 0/287596.furnace.wfw.wtb.tue.nl, 1/287596.furnace.wfw.wtb.tue.nl, 2/287596.furnace.wfw.wtb.tue.nl, 3/287596.furnace.wfw.wtb.tue.nl, 4/287596.furnace.wfw.wtb.tue.nl, 5/287596.furnace.wfw.wtb.tue.nl, 6/287596.furnace.wfw.wtb.tue.nl, 7/287596.furnace.wfw.wtb.tue.nl, 8/287596.furnace.wfw.wtb.tue.nl, 9/287596.furnace.wfw.wtb.tue.nl, 10/287596.furnace.wfw.wtb.tue.nl, 11/287596.furnace.wfw.wtb.tue.nl, 12/287596.furnace.wfw.wtb.tue.nl, 13/287596.furnace.wfw.wtb.tue.nl, 14/287596.furnace.wfw.wtb.tue.nl, 15/287596.furnace.wfw.wtb.tue.nl, 16/287596.furnace.wfw.wtb.tue.nl, 17/287596.furnace.wfw.wtb.tue.nl, 18/287596.furnace.wfw.wtb.tue.nl, 19/287596.furnace.wfw.wtb.tue.nl, 20/287596.furnace.wfw.wtb.tue.nl, 21/287596.furnace.wfw.wtb.tue.nl, 22/287596.furnace.wfw.wtb.tue.nl, 23/287596.furnace.wfw.wtb.tue.nl
     status = opsys=linux,uname=Linux compute-0-6.local 2.6.18-164.6.1.el5 #1 SMP Tue Nov 3 16:12:36 EST 2009 x86_64,sessions=4951,nsessions=1,nusers=1,idletime=1062574,totmem=197639160kb,availmem=189852544kb,physmem=132102004kb,ncpus=24,loadave=23.99,netload=78632174164,state=free,jobs=167409.furnace.wfw.wtb.tue.nl 287596.furnace.wfw.wtb.tue.nl,varattr=,rectime=1427486283

compute-0-7
     state = free
     np = 24
     properties = amd
     ntype = cluster
     jobs = 0/281647.furnace.wfw.wtb.tue.nl, 1/281647.furnace.wfw.wtb.tue.nl, 2/281647.furnace.wfw.wtb.tue.nl, 3/281647.furnace.wfw.wtb.tue.nl, 4/281647.furnace.wfw.wtb.tue.nl, 5/281647.furnace.wfw.wtb.tue.nl, 6/281647.furnace.wfw.wtb.tue.nl, 7/281647.furnace.wfw.wtb.tue.nl, 8/281647.furnace.wfw.wtb.tue.nl, 9/281647.furnace.wfw.wtb.tue.nl, 10/281647.furnace.wfw.wtb.tue.nl, 11/281647.furnace.wfw.wtb.tue.nl, 12/281647.furnace.wfw.wtb.tue.nl, 13/281647.furnace.wfw.wtb.tue.nl, 14/281647.furnace.wfw.wtb.tue.nl, 15/281647.furnace.wfw.wtb.tue.nl, 16/281647.furnace.wfw.wtb.tue.nl, 17/281647.furnace.wfw.wtb.tue.nl, 18/281647.furnace.wfw.wtb.tue.nl, 19/281647.furnace.wfw.wtb.tue.nl, 20/281647.furnace.wfw.wtb.tue.nl, 21/281647.furnace.wfw.wtb.tue.nl, 22/281647.furnace.wfw.wtb.tue.nl, 23/281647.furnace.wfw.wtb.tue.nl
     status = opsys=linux,uname=Linux compute-0-7.local 2.6.18-164.6.1.el5 #1 SMP Tue Nov 3 16:12:36 EST 2009 x86_64,sessions=6159,nsessions=1,nusers=1,idletime=113013,totmem=197639160kb,availmem=194296388kb,physmem=132102004kb,ncpus=24,loadave=24.00,netload=61561697181,state=free,jobs=281647.furnace.wfw.wtb.tue.nl,varattr=,rectime=1427486290

compute-0-8
     state = job-exclusive
     np = 24
     properties = amd
     ntype = cluster
     jobs = 0/287991.furnace.wfw.wtb.tue.nl, 1/287991.furnace.wfw.wtb.tue.nl, 2/287991.furnace.wfw.wtb.tue.nl, 3/287991.furnace.wfw.wtb.tue.nl, 4/287991.furnace.wfw.wtb.tue.nl, 5/287991.furnace.wfw.wtb.tue.nl, 6/287991.furnace.wfw.wtb.tue.nl, 7/287991.furnace.wfw.wtb.tue.nl, 8/287991.furnace.wfw.wtb.tue.nl, 9/287991.furnace.wfw.wtb.tue.nl, 10/287991.furnace.wfw.wtb.tue.nl, 11/287991.furnace.wfw.wtb.tue.nl, 12/287991.furnace.wfw.wtb.tue.nl, 13/287991.furnace.wfw.wtb.tue.nl, 14/287991.furnace.wfw.wtb.tue.nl, 15/287991.furnace.wfw.wtb.tue.nl, 16/287991.furnace.wfw.wtb.tue.nl, 17/287991.furnace.wfw.wtb.tue.nl, 18/287991.furnace.wfw.wtb.tue.nl, 19/287991.furnace.wfw.wtb.tue.nl, 20/287991.furnace.wfw.wtb.tue.nl, 21/287991.furnace.wfw.wtb.tue.nl, 22/287991.furnace.wfw.wtb.tue.nl, 23/287991.furnace.wfw.wtb.tue.nl
     status = opsys=linux,uname=Linux compute-0-8.local 2.6.18-164.6.1.el5 #1 SMP Tue Nov 3 16:12:36 EST 2009 x86_64,sessions=31799,nsessions=1,nusers=1,idletime=800760,totmem=197639160kb,availmem=193644864kb,physmem=132102004kb,ncpus=24,loadave=24.00,netload=126253639207,state=free,jobs=287991.furnace.wfw.wtb.tue.nl,varattr=,rectime=1427486278

compute-0-9
     state = free
     np = 24
     properties = amd
     ntype = cluster
     jobs = 0/281646.furnace.wfw.wtb.tue.nl, 1/281646.furnace.wfw.wtb.tue.nl, 2/281646.furnace.wfw.wtb.tue.nl, 3/281646.furnace.wfw.wtb.tue.nl, 4/281646.furnace.wfw.wtb.tue.nl, 5/281646.furnace.wfw.wtb.tue.nl, 6/281646.furnace.wfw.wtb.tue.nl, 7/281646.furnace.wfw.wtb.tue.nl, 8/281646.furnace.wfw.wtb.tue.nl, 9/281646.furnace.wfw.wtb.tue.nl, 10/281646.furnace.wfw.wtb.tue.nl, 11/281646.furnace.wfw.wtb.tue.nl, 12/281646.furnace.wfw.wtb.tue.nl, 13/281646.furnace.wfw.wtb.tue.nl, 14/281646.furnace.wfw.wtb.tue.nl, 15/281646.furnace.wfw.wtb.tue.nl, 16/281646.furnace.wfw.wtb.tue.nl, 17/281646.furnace.wfw.wtb.tue.nl, 18/281646.furnace.wfw.wtb.tue.nl, 19/281646.furnace.wfw.wtb.tue.nl, 20/281646.furnace.wfw.wtb.tue.nl, 21/281646.furnace.wfw.wtb.tue.nl, 22/281646.furnace.wfw.wtb.tue.nl, 23/281646.furnace.wfw.wtb.tue.nl
     status = opsys=linux,uname=Linux compute-0-9.local 2.6.18-164.6.1.el5 #1 SMP Tue Nov 3 16:12:36 EST 2009 x86_64,sessions=27306,nsessions=1,nusers=1,idletime=113045,totmem=197639160kb,availmem=194464524kb,physmem=132102004kb,ncpus=24,loadave=24.00,netload=60289622577,state=free,jobs=281646.furnace.wfw.wtb.tue.nl,varattr=,rectime=1427486280

compute-0-10
     state = job-exclusive
     np = 24
     properties = amd
     ntype = cluster
     jobs = 0/287988.furnace.wfw.wtb.tue.nl, 1/287988.furnace.wfw.wtb.tue.nl, 2/287988.furnace.wfw.wtb.tue.nl, 3/287988.furnace.wfw.wtb.tue.nl, 4/287988.furnace.wfw.wtb.tue.nl, 5/287988.furnace.wfw.wtb.tue.nl, 6/287988.furnace.wfw.wtb.tue.nl, 7/287988.furnace.wfw.wtb.tue.nl, 8/287988.furnace.wfw.wtb.tue.nl, 9/287988.furnace.wfw.wtb.tue.nl, 10/287988.furnace.wfw.wtb.tue.nl, 11/287988.furnace.wfw.wtb.tue.nl, 12/287988.furnace.wfw.wtb.tue.nl, 13/287988.furnace.wfw.wtb.tue.nl, 14/287988.furnace.wfw.wtb.tue.nl, 15/287988.furnace.wfw.wtb.tue.nl, 16/287988.furnace.wfw.wtb.tue.nl, 17/287988.furnace.wfw.wtb.tue.nl, 18/287988.furnace.wfw.wtb.tue.nl, 19/287988.furnace.wfw.wtb.tue.nl, 20/287988.furnace.wfw.wtb.tue.nl, 21/287988.furnace.wfw.wtb.tue.nl, 22/287988.furnace.wfw.wtb.tue.nl, 23/287988.furnace.wfw.wtb.tue.nl
     status = opsys=linux,uname=Linux compute-0-10.local 2.6.18-164.6.1.el5 #1 SMP Tue Nov 3 16:12:36 EST 2009 x86_64,sessions=7040,nsessions=1,nusers=1,idletime=895901,totmem=197639160kb,availmem=194696640kb,physmem=132102004kb,ncpus=24,loadave=24.00,netload=212105289245,state=free,jobs=287988.furnace.wfw.wtb.tue.nl,varattr=,rectime=1427486281

compute-0-12
     state = job-exclusive
     np = 8
     properties = intel
     ntype = cluster
     jobs = 0/288119.furnace.wfw.wtb.tue.nl, 1/288119.furnace.wfw.wtb.tue.nl, 2/288202.furnace.wfw.wtb.tue.nl, 3/288119.furnace.wfw.wtb.tue.nl, 4/288119.furnace.wfw.wtb.tue.nl, 5/288601.furnace.wfw.wtb.tue.nl, 6/285963.furnace.wfw.wtb.tue.nl, 7/286585.furnace.wfw.wtb.tue.nl
     status = opsys=linux,uname=Linux compute-0-12.local 2.6.18-164.6.1.el5 #1 SMP Tue Nov 3 16:12:36 EST 2009 x86_64,sessions=8539 31645 18287 24723 31474 31677,nsessions=6,nusers=5,idletime=122733,totmem=114986704kb,availmem=111853564kb,physmem=49449548kb,ncpus=16,loadave=8.00,netload=168796990333,state=free,jobs=285963.furnace.wfw.wtb.tue.nl 286585.furnace.wfw.wtb.tue.nl 288119.furnace.wfw.wtb.tue.nl 288202.furnace.wfw.wtb.tue.nl 288601.furnace.wfw.wtb.tue.nl,varattr=,rectime=1427486281

compute-0-11
     state = free
     np = 8
     properties = intel
     ntype = cluster
     jobs = 0/287279.furnace.wfw.wtb.tue.nl, 1/288602.furnace.wfw.wtb.tue.nl, 2/288201.furnace.wfw.wtb.tue.nl, 4/286664.furnace.wfw.wtb.tue.nl, 5/286668.furnace.wfw.wtb.tue.nl, 6/282251.furnace.wfw.wtb.tue.nl, 7/288603.furnace.wfw.wtb.tue.nl
     status = opsys=linux,uname=Linux compute-0-11.local 2.6.18-164.6.1.el5 #1 SMP Tue Nov 3 16:12:36 EST 2009 x86_64,sessions=4148 6035 7388 12323 13855 13881 24166,nsessions=7,nusers=4,idletime=123258,totmem=114986704kb,availmem=112746948kb,physmem=49449548kb,ncpus=16,loadave=7.29,netload=145292746256,state=free,jobs=282251.furnace.wfw.wtb.tue.nl 286664.furnace.wfw.wtb.tue.nl 286668.furnace.wfw.wtb.tue.nl 287279.furnace.wfw.wtb.tue.nl 288201.furnace.wfw.wtb.tue.nl 288602.furnace.wfw.wtb.tue.nl 288603.furnace.wfw.wtb.tue.nl,varattr=,rectime=1427486289

compute-0-14
     state = job-exclusive
     np = 8
     properties = intel
     ntype = cluster
     jobs = 0/288095.furnace.wfw.wtb.tue.nl, 1/287956.furnace.wfw.wtb.tue.nl, 2/285257.furnace.wfw.wtb.tue.nl, 3/287957.furnace.wfw.wtb.tue.nl, 4/285255.furnace.wfw.wtb.tue.nl, 5/288366.furnace.wfw.wtb.tue.nl, 6/287280.furnace.wfw.wtb.tue.nl, 7/287958.furnace.wfw.wtb.tue.nl
     status = opsys=linux,uname=Linux compute-0-14.local 2.6.18-164.6.1.el5 #1 SMP Tue Nov 3 16:12:36 EST 2009 x86_64,sessions=1373 1430 12530 12649 13398 13928 13994 23291 24240,nsessions=9,nusers=4,idletime=123241,totmem=114986704kb,availmem=110133052kb,physmem=49449548kb,ncpus=16,loadave=7.04,netload=179050568354,state=free,jobs=285255.furnace.wfw.wtb.tue.nl 285257.furnace.wfw.wtb.tue.nl 287280.furnace.wfw.wtb.tue.nl 287956.furnace.wfw.wtb.tue.nl 287957.furnace.wfw.wtb.tue.nl 287958.furnace.wfw.wtb.tue.nl 288095.furnace.wfw.wtb.tue.nl 288366.furnace.wfw.wtb.tue.nl,varattr=,rectime=1427486283

compute-0-13
     state = free
     np = 8
     properties = intel
     ntype = cluster
     jobs = 0/288604.furnace.wfw.wtb.tue.nl, 1/287955.furnace.wfw.wtb.tue.nl, 2/282262.furnace.wfw.wtb.tue.nl, 3/287955.furnace.wfw.wtb.tue.nl, 4/288605.furnace.wfw.wtb.tue.nl, 5/287955.furnace.wfw.wtb.tue.nl, 7/287955.furnace.wfw.wtb.tue.nl
     status = opsys=linux,uname=Linux compute-0-13.local 2.6.18-164.6.1.el5 #1 SMP Tue Nov 3 16:12:36 EST 2009 x86_64,sessions=546 12659 21882 21905,nsessions=4,nusers=3,idletime=2184337,totmem=114986704kb,availmem=112755756kb,physmem=49449548kb,ncpus=16,loadave=7.36,netload=37768823495,state=free,jobs=282262.furnace.wfw.wtb.tue.nl 287955.furnace.wfw.wtb.tue.nl 288604.furnace.wfw.wtb.tue.nl 288605.furnace.wfw.wtb.tue.nl,varattr=,rectime=1427486279

compute-0-16
     state = job-exclusive
     np = 8
     properties = intel
     ntype = cluster
     jobs = 0/287807.furnace.wfw.wtb.tue.nl, 1/287807.furnace.wfw.wtb.tue.nl, 2/287807.furnace.wfw.wtb.tue.nl, 3/287807.furnace.wfw.wtb.tue.nl, 4/287939.furnace.wfw.wtb.tue.nl, 5/288204.furnace.wfw.wtb.tue.nl, 6/287959.furnace.wfw.wtb.tue.nl, 7/287960.furnace.wfw.wtb.tue.nl
     status = opsys=linux,uname=Linux compute-0-16.local 2.6.18-164.6.1.el5 #1 SMP Tue Nov 3 16:12:36 EST 2009 x86_64,sessions=18265 18694 23429 31220 31286,nsessions=5,nusers=4,idletime=2184340,totmem=114986704kb,availmem=112799244kb,physmem=49449548kb,ncpus=16,loadave=8.00,netload=63397575410,state=free,jobs=287807.furnace.wfw.wtb.tue.nl 287939.furnace.wfw.wtb.tue.nl 287959.furnace.wfw.wtb.tue.nl 287960.furnace.wfw.wtb.tue.nl 288204.furnace.wfw.wtb.tue.nl,varattr=,rectime=1427486285

compute-0-15
     state = job-exclusive
     np = 8
     properties = intel
     ntype = cluster
     jobs = 0/288203.furnace.wfw.wtb.tue.nl, 1/288116.furnace.wfw.wtb.tue.nl, 2/288116.furnace.wfw.wtb.tue.nl, 3/287405.furnace.wfw.wtb.tue.nl, 4/288116.furnace.wfw.wtb.tue.nl, 5/288116.furnace.wfw.wtb.tue.nl, 6/288213.furnace.wfw.wtb.tue.nl, 7/288762.furnace.wfw.wtb.tue.nl
     status = opsys=linux,uname=Linux compute-0-15.local 2.6.18-164.6.1.el5 #1 SMP Tue Nov 3 16:12:36 EST 2009 x86_64,sessions=10436 13473 15237 15623 23906 24558,nsessions=6,nusers=4,idletime=300085,totmem=114986704kb,availmem=111552200kb,physmem=49449548kb,ncpus=16,loadave=7.95,netload=67857207484,state=free,jobs=287405.furnace.wfw.wtb.tue.nl 288116.furnace.wfw.wtb.tue.nl 288203.furnace.wfw.wtb.tue.nl 288213.furnace.wfw.wtb.tue.nl 288762.furnace.wfw.wtb.tue.nl,varattr=,rectime=1427486292

compute-0-18
     state = free
     np = 8
     properties = intel
     ntype = cluster
     jobs = 0/287862.furnace.wfw.wtb.tue.nl, 1/287862.furnace.wfw.wtb.tue.nl, 2/287862.furnace.wfw.wtb.tue.nl, 3/287862.furnace.wfw.wtb.tue.nl, 4/288214.furnace.wfw.wtb.tue.nl, 6/288096.furnace.wfw.wtb.tue.nl, 7/288097.furnace.wfw.wtb.tue.nl
     status = opsys=linux,uname=Linux compute-0-18.local 2.6.18-164.6.1.el5 #1 SMP Tue Nov 3 16:12:36 EST 2009 x86_64,sessions=2499 2538 15904 30863,nsessions=4,nusers=3,idletime=100781,totmem=114986704kb,availmem=112376152kb,physmem=49449548kb,ncpus=16,loadave=7.32,netload=82515199719,state=free,jobs=287862.furnace.wfw.wtb.tue.nl 288096.furnace.wfw.wtb.tue.nl 288097.furnace.wfw.wtb.tue.nl 288214.furnace.wfw.wtb.tue.nl,varattr=,rectime=1427486292

compute-0-17
     state = free
     np = 8
     properties = intel
     ntype = cluster
     jobs = 0/288200.furnace.wfw.wtb.tue.nl, 2/287961.furnace.wfw.wtb.tue.nl, 3/288098.furnace.wfw.wtb.tue.nl, 4/288099.furnace.wfw.wtb.tue.nl, 5/287108.furnace.wfw.wtb.tue.nl, 6/288225.furnace.wfw.wtb.tue.nl, 7/287962.furnace.wfw.wtb.tue.nl
     status = opsys=linux,uname=Linux compute-0-17.local 2.6.18-164.6.1.el5 #1 SMP Tue Nov 3 16:12:36 EST 2009 x86_64,sessions=5253 5276 20452 21755 21961 22025 27664,nsessions=7,nusers=3,idletime=123395,totmem=114986704kb,availmem=112033108kb,physmem=49449548kb,ncpus=16,loadave=7.45,netload=59673286528,state=free,jobs=287108.furnace.wfw.wtb.tue.nl 287961.furnace.wfw.wtb.tue.nl 287962.furnace.wfw.wtb.tue.nl 288098.furnace.wfw.wtb.tue.nl 288099.furnace.wfw.wtb.tue.nl 288200.furnace.wfw.wtb.tue.nl 288225.furnace.wfw.wtb.tue.nl,varattr=,rectime=1427486286

compute-0-20
     state = job-exclusive
     np = 8
     properties = intel
     ntype = cluster
     jobs = 0/286588.furnace.wfw.wtb.tue.nl, 1/285964.furnace.wfw.wtb.tue.nl, 2/286588.furnace.wfw.wtb.tue.nl, 3/285253.furnace.wfw.wtb.tue.nl, 4/285254.furnace.wfw.wtb.tue.nl, 5/286588.furnace.wfw.wtb.tue.nl, 6/286588.furnace.wfw.wtb.tue.nl, 7/286665.furnace.wfw.wtb.tue.nl
     status = opsys=linux,uname=Linux compute-0-20.local 2.6.18-164.6.1.el5 #1 SMP Tue Nov 3 16:12:36 EST 2009 x86_64,sessions=15301 15353 20789 22950 27173,nsessions=5,nusers=3,idletime=100735,totmem=114986704kb,availmem=112735936kb,physmem=49449548kb,ncpus=16,loadave=8.00,netload=50063886734,state=free,jobs=285253.furnace.wfw.wtb.tue.nl 285254.furnace.wfw.wtb.tue.nl 285964.furnace.wfw.wtb.tue.nl 286588.furnace.wfw.wtb.tue.nl 286665.furnace.wfw.wtb.tue.nl,varattr=,rectime=1427486281

compute-0-21
     state = job-exclusive
     np = 8
     properties = intel
     ntype = cluster
     jobs = 0/288100.furnace.wfw.wtb.tue.nl, 1/288101.furnace.wfw.wtb.tue.nl, 2/288102.furnace.wfw.wtb.tue.nl, 3/288103.furnace.wfw.wtb.tue.nl, 4/288104.furnace.wfw.wtb.tue.nl, 5/288105.furnace.wfw.wtb.tue.nl, 6/288106.furnace.wfw.wtb.tue.nl, 7/288107.furnace.wfw.wtb.tue.nl
     status = opsys=linux,uname=Linux compute-0-21.local 2.6.18-164.6.1.el5 #1 SMP Tue Nov 3 16:12:36 EST 2009 x86_64,sessions=1350 1380 1403 1442 1465 1488 1511 1534,nsessions=8,nusers=1,idletime=100431,totmem=114986704kb,availmem=111811300kb,physmem=49449548kb,ncpus=16,loadave=7.99,netload=987178981,state=free,jobs=288100.furnace.wfw.wtb.tue.nl 288101.furnace.wfw.wtb.tue.nl 288102.furnace.wfw.wtb.tue.nl 288103.furnace.wfw.wtb.tue.nl 288104.furnace.wfw.wtb.tue.nl 288105.furnace.wfw.wtb.tue.nl 288106.furnace.wfw.wtb.tue.nl 288107.furnace.wfw.wtb.tue.nl,varattr=,rectime=1427486276

compute-0-22
     state = job-exclusive
     np = 8
     properties = intel
     ntype = cluster
     jobs = 0/287856.furnace.wfw.wtb.tue.nl, 1/287856.furnace.wfw.wtb.tue.nl, 2/287856.furnace.wfw.wtb.tue.nl, 3/287856.furnace.wfw.wtb.tue.nl, 4/287861.furnace.wfw.wtb.tue.nl, 5/287861.furnace.wfw.wtb.tue.nl, 6/287861.furnace.wfw.wtb.tue.nl, 7/287861.furnace.wfw.wtb.tue.nl
     status = opsys=linux,uname=Linux compute-0-22.local 2.6.18-164.6.1.el5 #1 SMP Tue Nov 3 16:12:36 EST 2009 x86_64,sessions=1151 1442,nsessions=2,nusers=1,idletime=801052,totmem=114986704kb,availmem=113474860kb,physmem=49449548kb,ncpus=16,loadave=8.06,netload=28159290808,state=free,jobs=287856.furnace.wfw.wtb.tue.nl 287861.furnace.wfw.wtb.tue.nl,varattr=,rectime=1427486281

compute-0-19
     state = job-exclusive
     np = 8
     properties = intel
     ntype = cluster
     jobs = 0/287954.furnace.wfw.wtb.tue.nl, 1/288765.furnace.wfw.wtb.tue.nl, 2/288766.furnace.wfw.wtb.tue.nl, 3/286667.furnace.wfw.wtb.tue.nl, 4/287954.furnace.wfw.wtb.tue.nl, 5/287954.furnace.wfw.wtb.tue.nl, 6/287954.furnace.wfw.wtb.tue.nl, 7/288226.furnace.wfw.wtb.tue.nl
     status = opsys=linux,uname=Linux compute-0-19.local 2.6.18-164.6.1.el5 #1 SMP Tue Nov 3 16:12:36 EST 2009 x86_64,sessions=11105 21839 21945 22305 26333 29135,nsessions=6,nusers=4,idletime=648359,totmem=114986704kb,availmem=110740588kb,physmem=49449548kb,ncpus=16,loadave=7.80,netload=70630358233,state=free,jobs=286667.furnace.wfw.wtb.tue.nl 287954.furnace.wfw.wtb.tue.nl 288226.furnace.wfw.wtb.tue.nl 288765.furnace.wfw.wtb.tue.nl 288766.furnace.wfw.wtb.tue.nl,varattr=,rectime=1427486282

compute-0-23
     state = down
     np = 8
     properties = intel
     ntype = cluster

compute-0-24
     state = job-exclusive
     np = 8
     properties = intel
     ntype = cluster
     jobs = 0/287811.furnace.wfw.wtb.tue.nl, 1/288227.furnace.wfw.wtb.tue.nl, 2/287811.furnace.wfw.wtb.tue.nl, 3/288210.furnace.wfw.wtb.tue.nl, 4/288083.furnace.wfw.wtb.tue.nl, 5/287811.furnace.wfw.wtb.tue.nl, 6/288109.furnace.wfw.wtb.tue.nl, 7/287811.furnace.wfw.wtb.tue.nl
     status = opsys=linux,uname=Linux compute-0-24.local 2.6.18-164.6.1.el5 #1 SMP Tue Nov 3 16:12:36 EST 2009 x86_64,sessions=11639 12397 13717 27746 28850,nsessions=5,nusers=3,idletime=786607,totmem=114986704kb,availmem=112576840kb,physmem=49449548kb,ncpus=16,loadave=7.99,netload=108719713152,state=free,jobs=282718.furnace.wfw.wtb.tue.nl 287811.furnace.wfw.wtb.tue.nl 288083.furnace.wfw.wtb.tue.nl 288109.furnace.wfw.wtb.tue.nl 288210.furnace.wfw.wtb.tue.nl 288227.furnace.wfw.wtb.tue.nl,varattr=,rectime=1427486283

compute-0-25
     state = job-exclusive
     np = 8
     properties = intel
     ntype = cluster
     jobs = 0/288606.furnace.wfw.wtb.tue.nl, 1/288110.furnace.wfw.wtb.tue.nl, 2/288211.furnace.wfw.wtb.tue.nl, 3/288607.furnace.wfw.wtb.tue.nl, 4/284642.furnace.wfw.wtb.tue.nl, 5/286666.furnace.wfw.wtb.tue.nl, 6/285276.furnace.wfw.wtb.tue.nl, 7/288212.furnace.wfw.wtb.tue.nl
     status = opsys=linux,uname=Linux compute-0-25.local 2.6.18-164.6.1.el5 #1 SMP Tue Nov 3 16:12:36 EST 2009 x86_64,sessions=3252 10060 10099 16485 16619 21004 27085 27191,nsessions=8,nusers=3,idletime=2185837,totmem=114986704kb,availmem=111186924kb,physmem=49449548kb,ncpus=16,loadave=8.06,netload=107036136108,state=free,jobs=284642.furnace.wfw.wtb.tue.nl 285276.furnace.wfw.wtb.tue.nl 286666.furnace.wfw.wtb.tue.nl 288110.furnace.wfw.wtb.tue.nl 288211.furnace.wfw.wtb.tue.nl 288212.furnace.wfw.wtb.tue.nl 288606.furnace.wfw.wtb.tue.nl 288607.furnace.wfw.wtb.tue.nl,varattr=,rectime=1427486282

compute-0-26
     state = job-exclusive
     np = 8
     properties = intel
     ntype = cluster
     jobs = 0/285278.furnace.wfw.wtb.tue.nl, 1/288086.furnace.wfw.wtb.tue.nl, 2/288117.furnace.wfw.wtb.tue.nl, 3/288608.furnace.wfw.wtb.tue.nl, 4/288117.furnace.wfw.wtb.tue.nl, 5/288117.furnace.wfw.wtb.tue.nl, 6/288117.furnace.wfw.wtb.tue.nl, 7/288218.furnace.wfw.wtb.tue.nl
     status = opsys=linux,uname=Linux compute-0-26.local 2.6.18-164.6.1.el5 #1 SMP Tue Nov 3 16:12:36 EST 2009 x86_64,sessions=9937 13945 20379 25064 32455,nsessions=5,nusers=4,idletime=816652,totmem=114986704kb,availmem=112394976kb,physmem=49449548kb,ncpus=16,loadave=8.07,netload=92027327936,state=free,jobs=285278.furnace.wfw.wtb.tue.nl 288086.furnace.wfw.wtb.tue.nl 288117.furnace.wfw.wtb.tue.nl 288218.furnace.wfw.wtb.tue.nl 288608.furnace.wfw.wtb.tue.nl,varattr=,rectime=1427486278

compute-0-27
     state = job-exclusive
     np = 8
     properties = intel
     ntype = cluster
     jobs = 0/287814.furnace.wfw.wtb.tue.nl, 1/288609.furnace.wfw.wtb.tue.nl, 2/287814.furnace.wfw.wtb.tue.nl, 3/286663.furnace.wfw.wtb.tue.nl, 4/288767.furnace.wfw.wtb.tue.nl, 5/286662.furnace.wfw.wtb.tue.nl, 6/287814.furnace.wfw.wtb.tue.nl, 7/287814.furnace.wfw.wtb.tue.nl
     status = opsys=linux,uname=Linux compute-0-27.local 2.6.18-164.6.1.el5 #1 SMP Tue Nov 3 16:12:36 EST 2009 x86_64,sessions=12767 25059 28951 29310 30350 30772,nsessions=6,nusers=4,idletime=209097,totmem=114986704kb,availmem=111624424kb,physmem=49449548kb,ncpus=16,loadave=8.17,netload=83863493190,state=free,jobs=286662.furnace.wfw.wtb.tue.nl 286663.furnace.wfw.wtb.tue.nl 287814.furnace.wfw.wtb.tue.nl 288609.furnace.wfw.wtb.tue.nl 288767.furnace.wfw.wtb.tue.nl,varattr=,rectime=1427486278

compute-0-28
     state = job-exclusive
     np = 8
     properties = intel
     ntype = cluster
     jobs = 0/286651.furnace.wfw.wtb.tue.nl, 1/287813.furnace.wfw.wtb.tue.nl, 2/287813.furnace.wfw.wtb.tue.nl, 3/288221.furnace.wfw.wtb.tue.nl, 4/287813.furnace.wfw.wtb.tue.nl, 5/287813.furnace.wfw.wtb.tue.nl, 6/282252.furnace.wfw.wtb.tue.nl, 7/286661.furnace.wfw.wtb.tue.nl
     status = opsys=linux,uname=Linux compute-0-28.local 2.6.18-164.6.1.el5 #1 SMP Tue Nov 3 16:12:36 EST 2009 x86_64,sessions=8199 12188 17177 29703 30667,nsessions=5,nusers=3,idletime=648557,totmem=114986704kb,availmem=112787700kb,physmem=49449548kb,ncpus=16,loadave=8.01,netload=194077832476,state=free,jobs=282252.furnace.wfw.wtb.tue.nl 286651.furnace.wfw.wtb.tue.nl 286661.furnace.wfw.wtb.tue.nl 287813.furnace.wfw.wtb.tue.nl 288221.furnace.wfw.wtb.tue.nl,varattr=,rectime=1427486282

compute-0-29
     state = job-exclusive
     np = 8
     properties = intel
     ntype = cluster
     jobs = 0/286669.furnace.wfw.wtb.tue.nl, 1/288222.furnace.wfw.wtb.tue.nl, 2/286287.furnace.wfw.wtb.tue.nl, 3/288223.furnace.wfw.wtb.tue.nl, 4/288224.furnace.wfw.wtb.tue.nl, 5/288610.furnace.wfw.wtb.tue.nl, 6/286670.furnace.wfw.wtb.tue.nl, 7/288611.furnace.wfw.wtb.tue.nl
     status = opsys=linux,uname=Linux compute-0-29.local 2.6.18-164.6.1.el5 #1 SMP Tue Nov 3 16:12:36 EST 2009 x86_64,sessions=325 7658 7783 7902 11721 11729 18001 31306 31332,nsessions=9,nusers=5,idletime=299085,totmem=114986704kb,availmem=111644188kb,physmem=49449548kb,ncpus=16,loadave=8.00,netload=166049181199,state=free,jobs=286287.furnace.wfw.wtb.tue.nl 286669.furnace.wfw.wtb.tue.nl 286670.furnace.wfw.wtb.tue.nl 288222.furnace.wfw.wtb.tue.nl 288223.furnace.wfw.wtb.tue.nl 288224.furnace.wfw.wtb.tue.nl 288610.furnace.wfw.wtb.tue.nl 288611.furnace.wfw.wtb.tue.nl,varattr=,rectime=1427486281

compute-0-30
     state = job-exclusive
     np = 8
     properties = intel
     ntype = cluster
     jobs = 0/288232.furnace.wfw.wtb.tue.nl, 1/288768.furnace.wfw.wtb.tue.nl, 2/287953.furnace.wfw.wtb.tue.nl, 3/287953.furnace.wfw.wtb.tue.nl, 4/287953.furnace.wfw.wtb.tue.nl, 5/287953.furnace.wfw.wtb.tue.nl, 6/286671.furnace.wfw.wtb.tue.nl, 7/284639.furnace.wfw.wtb.tue.nl
     status = opsys=linux,uname=Linux compute-0-30.local 2.6.18-164.6.1.el5 #1 SMP Tue Nov 3 16:12:36 EST 2009 x86_64,sessions=1814 3711 17007 17358 25023 26238,nsessions=6,nusers=4,idletime=2184367,totmem=114986704kb,availmem=111781548kb,physmem=49449548kb,ncpus=16,loadave=8.02,netload=206656918107,state=free,jobs=284392.furnace.wfw.wtb.tue.nl 284639.furnace.wfw.wtb.tue.nl 286671.furnace.wfw.wtb.tue.nl 287953.furnace.wfw.wtb.tue.nl 288232.furnace.wfw.wtb.tue.nl 288768.furnace.wfw.wtb.tue.nl,varattr=,rectime=1427486281

compute-0-31
     state = free
     np = 8
     properties = intel
     ntype = cluster
     jobs = 0/288613.furnace.wfw.wtb.tue.nl, 1/282253.furnace.wfw.wtb.tue.nl, 2/282254.furnace.wfw.wtb.tue.nl, 4/288615.furnace.wfw.wtb.tue.nl, 6/286659.furnace.wfw.wtb.tue.nl, 7/286656.furnace.wfw.wtb.tue.nl
     status = opsys=linux,uname=Linux compute-0-31.local 2.6.18-164.6.1.el5 #1 SMP Tue Nov 3 16:12:36 EST 2009 x86_64,sessions=9100 9222 10555 10609 19647 20000 25304 25401,nsessions=8,nusers=3,idletime=1249602,totmem=114986704kb,availmem=111068812kb,physmem=49449548kb,ncpus=16,loadave=7.02,netload=63250245430,state=free,jobs=282253.furnace.wfw.wtb.tue.nl 282254.furnace.wfw.wtb.tue.nl 286656.furnace.wfw.wtb.tue.nl 286659.furnace.wfw.wtb.tue.nl 288613.furnace.wfw.wtb.tue.nl 288615.furnace.wfw.wtb.tue.nl 288769.furnace.wfw.wtb.tue.nl,varattr=,rectime=1427486278

compute-0-32
     state = job-exclusive
     np = 8
     properties = intel
     ntype = cluster
     jobs = 0/288234.furnace.wfw.wtb.tue.nl, 1/282259.furnace.wfw.wtb.tue.nl, 2/282260.furnace.wfw.wtb.tue.nl, 3/282261.furnace.wfw.wtb.tue.nl, 4/287110.furnace.wfw.wtb.tue.nl, 5/288235.furnace.wfw.wtb.tue.nl, 6/288387.furnace.wfw.wtb.tue.nl, 7/286654.furnace.wfw.wtb.tue.nl
     status = opsys=linux,uname=Linux compute-0-32.local 2.6.18-164.6.1.el5 #1 SMP Tue Nov 3 16:12:36 EST 2009 x86_64,sessions=1240 1366 6274 6313 6348 9953 10072 22240 24300,nsessions=9,nusers=4,idletime=123400,totmem=114986704kb,availmem=110959816kb,physmem=49449548kb,ncpus=16,loadave=7.04,netload=81783582349,state=free,jobs=282259.furnace.wfw.wtb.tue.nl 282260.furnace.wfw.wtb.tue.nl 282261.furnace.wfw.wtb.tue.nl 286654.furnace.wfw.wtb.tue.nl 287110.furnace.wfw.wtb.tue.nl 288234.furnace.wfw.wtb.tue.nl 288235.furnace.wfw.wtb.tue.nl 288387.furnace.wfw.wtb.tue.nl,varattr=,rectime=1427486279

