compute-0-0
     state = job-exclusive
     np = 24
     properties = amd
     ntype = cluster
     jobs = 0/271835.furnace.wfw.wtb.tue.nl, 1/271835.furnace.wfw.wtb.tue.nl, 2/271835.furnace.wfw.wtb.tue.nl, 3/271835.furnace.wfw.wtb.tue.nl, 4/271835.furnace.wfw.wtb.tue.nl, 5/271835.furnace.wfw.wtb.tue.nl, 6/271835.furnace.wfw.wtb.tue.nl, 7/271835.furnace.wfw.wtb.tue.nl, 8/271835.furnace.wfw.wtb.tue.nl, 9/271835.furnace.wfw.wtb.tue.nl, 10/271835.furnace.wfw.wtb.tue.nl, 11/271835.furnace.wfw.wtb.tue.nl, 12/271835.furnace.wfw.wtb.tue.nl, 13/271835.furnace.wfw.wtb.tue.nl, 14/271835.furnace.wfw.wtb.tue.nl, 15/271835.furnace.wfw.wtb.tue.nl, 16/271835.furnace.wfw.wtb.tue.nl, 17/271835.furnace.wfw.wtb.tue.nl, 18/271835.furnace.wfw.wtb.tue.nl, 19/271835.furnace.wfw.wtb.tue.nl, 20/271835.furnace.wfw.wtb.tue.nl, 21/271835.furnace.wfw.wtb.tue.nl, 22/271835.furnace.wfw.wtb.tue.nl, 23/271835.furnace.wfw.wtb.tue.nl
     status = opsys=linux,uname=Linux compute-0-0.local 2.6.18-164.6.1.el5 #1 SMP Tue Nov 3 16:12:36 EST 2009 x86_64,sessions=2679,nsessions=1,nusers=1,idletime=10110380,totmem=197639216kb,availmem=57870888kb,physmem=132102060kb,ncpus=24,loadave=19.04,netload=5298887207939,state=free,jobs=271835.furnace.wfw.wtb.tue.nl,varattr=,rectime=1419696642

compute-0-1
     state = job-exclusive
     np = 24
     properties = amd
     ntype = cluster
     jobs = 0/271836.furnace.wfw.wtb.tue.nl, 1/271836.furnace.wfw.wtb.tue.nl, 2/271836.furnace.wfw.wtb.tue.nl, 3/271836.furnace.wfw.wtb.tue.nl, 4/271836.furnace.wfw.wtb.tue.nl, 5/271836.furnace.wfw.wtb.tue.nl, 6/271836.furnace.wfw.wtb.tue.nl, 7/271836.furnace.wfw.wtb.tue.nl, 8/271836.furnace.wfw.wtb.tue.nl, 9/271836.furnace.wfw.wtb.tue.nl, 10/271836.furnace.wfw.wtb.tue.nl, 11/271836.furnace.wfw.wtb.tue.nl, 12/271836.furnace.wfw.wtb.tue.nl, 13/271836.furnace.wfw.wtb.tue.nl, 14/271836.furnace.wfw.wtb.tue.nl, 15/271836.furnace.wfw.wtb.tue.nl, 16/271836.furnace.wfw.wtb.tue.nl, 17/271836.furnace.wfw.wtb.tue.nl, 18/271836.furnace.wfw.wtb.tue.nl, 19/271836.furnace.wfw.wtb.tue.nl, 20/271836.furnace.wfw.wtb.tue.nl, 21/271836.furnace.wfw.wtb.tue.nl, 22/271836.furnace.wfw.wtb.tue.nl, 23/271836.furnace.wfw.wtb.tue.nl
     status = opsys=linux,uname=Linux compute-0-1.local 2.6.18-164.6.1.el5 #1 SMP Tue Nov 3 16:12:36 EST 2009 x86_64,sessions=20243,nsessions=1,nusers=1,idletime=28867381,totmem=197639160kb,availmem=65746636kb,physmem=132102004kb,ncpus=24,loadave=19.09,netload=37215712525783,state=free,jobs=167409.furnace.wfw.wtb.tue.nl 271836.furnace.wfw.wtb.tue.nl,varattr=,rectime=1419696628

compute-0-2
     state = job-exclusive
     np = 24
     properties = amd
     ntype = cluster
     jobs = 0/271837.furnace.wfw.wtb.tue.nl, 1/271837.furnace.wfw.wtb.tue.nl, 2/271837.furnace.wfw.wtb.tue.nl, 3/271837.furnace.wfw.wtb.tue.nl, 4/271837.furnace.wfw.wtb.tue.nl, 5/271837.furnace.wfw.wtb.tue.nl, 6/271837.furnace.wfw.wtb.tue.nl, 7/271837.furnace.wfw.wtb.tue.nl, 8/271837.furnace.wfw.wtb.tue.nl, 9/271837.furnace.wfw.wtb.tue.nl, 10/271837.furnace.wfw.wtb.tue.nl, 11/271837.furnace.wfw.wtb.tue.nl, 12/271837.furnace.wfw.wtb.tue.nl, 13/271837.furnace.wfw.wtb.tue.nl, 14/271837.furnace.wfw.wtb.tue.nl, 15/271837.furnace.wfw.wtb.tue.nl, 16/271837.furnace.wfw.wtb.tue.nl, 17/271837.furnace.wfw.wtb.tue.nl, 18/271837.furnace.wfw.wtb.tue.nl, 19/271837.furnace.wfw.wtb.tue.nl, 20/271837.furnace.wfw.wtb.tue.nl, 21/271837.furnace.wfw.wtb.tue.nl, 22/271837.furnace.wfw.wtb.tue.nl, 23/271837.furnace.wfw.wtb.tue.nl
     status = opsys=linux,uname=Linux compute-0-2.local 2.6.18-164.6.1.el5 #1 SMP Tue Nov 3 16:12:36 EST 2009 x86_64,sessions=32335,nsessions=1,nusers=1,idletime=19456765,totmem=197639216kb,availmem=65133996kb,physmem=132102060kb,ncpus=24,loadave=19.43,netload=3208189645815,state=free,jobs=271837.furnace.wfw.wtb.tue.nl,varattr=,rectime=1419696602

compute-0-3
     state = job-exclusive
     np = 24
     properties = amd
     ntype = cluster
     jobs = 0/271838.furnace.wfw.wtb.tue.nl, 1/271838.furnace.wfw.wtb.tue.nl, 2/271838.furnace.wfw.wtb.tue.nl, 3/271838.furnace.wfw.wtb.tue.nl, 4/271838.furnace.wfw.wtb.tue.nl, 5/271838.furnace.wfw.wtb.tue.nl, 6/271838.furnace.wfw.wtb.tue.nl, 7/271838.furnace.wfw.wtb.tue.nl, 8/271838.furnace.wfw.wtb.tue.nl, 9/271838.furnace.wfw.wtb.tue.nl, 10/271838.furnace.wfw.wtb.tue.nl, 11/271838.furnace.wfw.wtb.tue.nl, 12/271838.furnace.wfw.wtb.tue.nl, 13/271838.furnace.wfw.wtb.tue.nl, 14/271838.furnace.wfw.wtb.tue.nl, 15/271838.furnace.wfw.wtb.tue.nl, 16/271838.furnace.wfw.wtb.tue.nl, 17/271838.furnace.wfw.wtb.tue.nl, 18/271838.furnace.wfw.wtb.tue.nl, 19/271838.furnace.wfw.wtb.tue.nl, 20/271838.furnace.wfw.wtb.tue.nl, 21/271838.furnace.wfw.wtb.tue.nl, 22/271838.furnace.wfw.wtb.tue.nl, 23/271838.furnace.wfw.wtb.tue.nl
     status = opsys=linux,uname=Linux compute-0-3.local 2.6.18-164.6.1.el5 #1 SMP Tue Nov 3 16:12:36 EST 2009 x86_64,sessions=14308,nsessions=1,nusers=1,idletime=4044790,totmem=197639160kb,availmem=58982408kb,physmem=132102004kb,ncpus=24,loadave=19.20,netload=6585914927811,state=free,jobs=271838.furnace.wfw.wtb.tue.nl,varattr=,rectime=1419696633

compute-0-5
     state = job-exclusive
     np = 24
     properties = amd
     ntype = cluster
     jobs = 0/271839.furnace.wfw.wtb.tue.nl, 1/271839.furnace.wfw.wtb.tue.nl, 2/271839.furnace.wfw.wtb.tue.nl, 3/271839.furnace.wfw.wtb.tue.nl, 4/271839.furnace.wfw.wtb.tue.nl, 5/271839.furnace.wfw.wtb.tue.nl, 6/271839.furnace.wfw.wtb.tue.nl, 7/271839.furnace.wfw.wtb.tue.nl, 8/271839.furnace.wfw.wtb.tue.nl, 9/271839.furnace.wfw.wtb.tue.nl, 10/271839.furnace.wfw.wtb.tue.nl, 11/271839.furnace.wfw.wtb.tue.nl, 12/271839.furnace.wfw.wtb.tue.nl, 13/271839.furnace.wfw.wtb.tue.nl, 14/271839.furnace.wfw.wtb.tue.nl, 15/271839.furnace.wfw.wtb.tue.nl, 16/271839.furnace.wfw.wtb.tue.nl, 17/271839.furnace.wfw.wtb.tue.nl, 18/271839.furnace.wfw.wtb.tue.nl, 19/271839.furnace.wfw.wtb.tue.nl, 20/271839.furnace.wfw.wtb.tue.nl, 21/271839.furnace.wfw.wtb.tue.nl, 22/271839.furnace.wfw.wtb.tue.nl, 23/271839.furnace.wfw.wtb.tue.nl
     status = opsys=linux,uname=Linux compute-0-5.local 2.6.18-164.6.1.el5 #1 SMP Tue Nov 3 16:12:36 EST 2009 x86_64,sessions=31940,nsessions=1,nusers=1,idletime=37056487,totmem=197639160kb,availmem=72257112kb,physmem=132102004kb,ncpus=24,loadave=19.04,netload=10865260212153,state=free,jobs=167409.furnace.wfw.wtb.tue.nl 271839.furnace.wfw.wtb.tue.nl,varattr=,rectime=1419696625

compute-0-6
     state = job-exclusive
     np = 24
     properties = amd
     ntype = cluster
     jobs = 0/271840.furnace.wfw.wtb.tue.nl, 1/271840.furnace.wfw.wtb.tue.nl, 2/271840.furnace.wfw.wtb.tue.nl, 3/271840.furnace.wfw.wtb.tue.nl, 4/271840.furnace.wfw.wtb.tue.nl, 5/271840.furnace.wfw.wtb.tue.nl, 6/271840.furnace.wfw.wtb.tue.nl, 7/271840.furnace.wfw.wtb.tue.nl, 8/271840.furnace.wfw.wtb.tue.nl, 9/271840.furnace.wfw.wtb.tue.nl, 10/271840.furnace.wfw.wtb.tue.nl, 11/271840.furnace.wfw.wtb.tue.nl, 12/271840.furnace.wfw.wtb.tue.nl, 13/271840.furnace.wfw.wtb.tue.nl, 14/271840.furnace.wfw.wtb.tue.nl, 15/271840.furnace.wfw.wtb.tue.nl, 16/271840.furnace.wfw.wtb.tue.nl, 17/271840.furnace.wfw.wtb.tue.nl, 18/271840.furnace.wfw.wtb.tue.nl, 19/271840.furnace.wfw.wtb.tue.nl, 20/271840.furnace.wfw.wtb.tue.nl, 21/271840.furnace.wfw.wtb.tue.nl, 22/271840.furnace.wfw.wtb.tue.nl, 23/271840.furnace.wfw.wtb.tue.nl
     status = opsys=linux,uname=Linux compute-0-6.local 2.6.18-164.6.1.el5 #1 SMP Tue Nov 3 16:12:36 EST 2009 x86_64,sessions=10304 29411,nsessions=2,nusers=2,idletime=87973650,totmem=197639160kb,availmem=66989216kb,physmem=132102004kb,ncpus=24,loadave=19.08,netload=18678449325239,state=free,jobs=167409.furnace.wfw.wtb.tue.nl 271840.furnace.wfw.wtb.tue.nl,varattr=,rectime=1419696640

compute-0-7
     state = job-exclusive
     np = 24
     properties = amd
     ntype = cluster
     jobs = 0/271841.furnace.wfw.wtb.tue.nl, 1/271841.furnace.wfw.wtb.tue.nl, 2/271841.furnace.wfw.wtb.tue.nl, 3/271841.furnace.wfw.wtb.tue.nl, 4/271841.furnace.wfw.wtb.tue.nl, 5/271841.furnace.wfw.wtb.tue.nl, 6/271841.furnace.wfw.wtb.tue.nl, 7/271841.furnace.wfw.wtb.tue.nl, 8/271841.furnace.wfw.wtb.tue.nl, 9/271841.furnace.wfw.wtb.tue.nl, 10/271841.furnace.wfw.wtb.tue.nl, 11/271841.furnace.wfw.wtb.tue.nl, 12/271841.furnace.wfw.wtb.tue.nl, 13/271841.furnace.wfw.wtb.tue.nl, 14/271841.furnace.wfw.wtb.tue.nl, 15/271841.furnace.wfw.wtb.tue.nl, 16/271841.furnace.wfw.wtb.tue.nl, 17/271841.furnace.wfw.wtb.tue.nl, 18/271841.furnace.wfw.wtb.tue.nl, 19/271841.furnace.wfw.wtb.tue.nl, 20/271841.furnace.wfw.wtb.tue.nl, 21/271841.furnace.wfw.wtb.tue.nl, 22/271841.furnace.wfw.wtb.tue.nl, 23/271841.furnace.wfw.wtb.tue.nl
     status = opsys=linux,uname=Linux compute-0-7.local 2.6.18-164.6.1.el5 #1 SMP Tue Nov 3 16:12:36 EST 2009 x86_64,sessions=31763,nsessions=1,nusers=1,idletime=10482687,totmem=197639160kb,availmem=67800356kb,physmem=132102004kb,ncpus=24,loadave=19.31,netload=833496598579,state=free,jobs=271841.furnace.wfw.wtb.tue.nl,varattr=,rectime=1419696622

compute-0-8
     state = job-exclusive
     np = 24
     properties = amd
     ntype = cluster
     jobs = 0/271842.furnace.wfw.wtb.tue.nl, 1/271842.furnace.wfw.wtb.tue.nl, 2/271842.furnace.wfw.wtb.tue.nl, 3/271842.furnace.wfw.wtb.tue.nl, 4/271842.furnace.wfw.wtb.tue.nl, 5/271842.furnace.wfw.wtb.tue.nl, 6/271842.furnace.wfw.wtb.tue.nl, 7/271842.furnace.wfw.wtb.tue.nl, 8/271842.furnace.wfw.wtb.tue.nl, 9/271842.furnace.wfw.wtb.tue.nl, 10/271842.furnace.wfw.wtb.tue.nl, 11/271842.furnace.wfw.wtb.tue.nl, 12/271842.furnace.wfw.wtb.tue.nl, 13/271842.furnace.wfw.wtb.tue.nl, 14/271842.furnace.wfw.wtb.tue.nl, 15/271842.furnace.wfw.wtb.tue.nl, 16/271842.furnace.wfw.wtb.tue.nl, 17/271842.furnace.wfw.wtb.tue.nl, 18/271842.furnace.wfw.wtb.tue.nl, 19/271842.furnace.wfw.wtb.tue.nl, 20/271842.furnace.wfw.wtb.tue.nl, 21/271842.furnace.wfw.wtb.tue.nl, 22/271842.furnace.wfw.wtb.tue.nl, 23/271842.furnace.wfw.wtb.tue.nl
     status = opsys=linux,uname=Linux compute-0-8.local 2.6.18-164.6.1.el5 #1 SMP Tue Nov 3 16:12:36 EST 2009 x86_64,sessions=1328,nsessions=1,nusers=1,idletime=3981208,totmem=197639160kb,availmem=81033320kb,physmem=132102004kb,ncpus=24,loadave=19.38,netload=144579345520,state=free,jobs=271842.furnace.wfw.wtb.tue.nl,varattr=,rectime=1419696623

compute-0-9
     state = job-exclusive
     np = 24
     properties = amd
     ntype = cluster
     jobs = 0/271843.furnace.wfw.wtb.tue.nl, 1/271843.furnace.wfw.wtb.tue.nl, 2/271843.furnace.wfw.wtb.tue.nl, 3/271843.furnace.wfw.wtb.tue.nl, 4/271843.furnace.wfw.wtb.tue.nl, 5/271843.furnace.wfw.wtb.tue.nl, 6/271843.furnace.wfw.wtb.tue.nl, 7/271843.furnace.wfw.wtb.tue.nl, 8/271843.furnace.wfw.wtb.tue.nl, 9/271843.furnace.wfw.wtb.tue.nl, 10/271843.furnace.wfw.wtb.tue.nl, 11/271843.furnace.wfw.wtb.tue.nl, 12/271843.furnace.wfw.wtb.tue.nl, 13/271843.furnace.wfw.wtb.tue.nl, 14/271843.furnace.wfw.wtb.tue.nl, 15/271843.furnace.wfw.wtb.tue.nl, 16/271843.furnace.wfw.wtb.tue.nl, 17/271843.furnace.wfw.wtb.tue.nl, 18/271843.furnace.wfw.wtb.tue.nl, 19/271843.furnace.wfw.wtb.tue.nl, 20/271843.furnace.wfw.wtb.tue.nl, 21/271843.furnace.wfw.wtb.tue.nl, 22/271843.furnace.wfw.wtb.tue.nl, 23/271843.furnace.wfw.wtb.tue.nl
     status = opsys=linux,uname=Linux compute-0-9.local 2.6.18-164.6.1.el5 #1 SMP Tue Nov 3 16:12:36 EST 2009 x86_64,sessions=25566,nsessions=1,nusers=1,idletime=3981828,totmem=197639160kb,availmem=71957472kb,physmem=132102004kb,ncpus=24,loadave=19.02,netload=153674727583,state=free,jobs=271843.furnace.wfw.wtb.tue.nl,varattr=,rectime=1419696640

compute-0-10
     state = job-exclusive
     np = 24
     properties = amd
     ntype = cluster
     jobs = 0/271844.furnace.wfw.wtb.tue.nl, 1/271844.furnace.wfw.wtb.tue.nl, 2/271844.furnace.wfw.wtb.tue.nl, 3/271844.furnace.wfw.wtb.tue.nl, 4/271844.furnace.wfw.wtb.tue.nl, 5/271844.furnace.wfw.wtb.tue.nl, 6/271844.furnace.wfw.wtb.tue.nl, 7/271844.furnace.wfw.wtb.tue.nl, 8/271844.furnace.wfw.wtb.tue.nl, 9/271844.furnace.wfw.wtb.tue.nl, 10/271844.furnace.wfw.wtb.tue.nl, 11/271844.furnace.wfw.wtb.tue.nl, 12/271844.furnace.wfw.wtb.tue.nl, 13/271844.furnace.wfw.wtb.tue.nl, 14/271844.furnace.wfw.wtb.tue.nl, 15/271844.furnace.wfw.wtb.tue.nl, 16/271844.furnace.wfw.wtb.tue.nl, 17/271844.furnace.wfw.wtb.tue.nl, 18/271844.furnace.wfw.wtb.tue.nl, 19/271844.furnace.wfw.wtb.tue.nl, 20/271844.furnace.wfw.wtb.tue.nl, 21/271844.furnace.wfw.wtb.tue.nl, 22/271844.furnace.wfw.wtb.tue.nl, 23/271844.furnace.wfw.wtb.tue.nl
     status = opsys=linux,uname=Linux compute-0-10.local 2.6.18-164.6.1.el5 #1 SMP Tue Nov 3 16:12:36 EST 2009 x86_64,sessions=10794,nsessions=1,nusers=1,idletime=1653996,totmem=197639160kb,availmem=65827284kb,physmem=132102004kb,ncpus=24,loadave=19.00,netload=22859443294,state=free,jobs=271844.furnace.wfw.wtb.tue.nl,varattr=,rectime=1419696623

compute-0-12
     state = free
     np = 8
     properties = intel
     ntype = cluster
     jobs = 0/271751.furnace.wfw.wtb.tue.nl, 1/271812.furnace.wfw.wtb.tue.nl, 2/271856.furnace.wfw.wtb.tue.nl, 6/257295.furnace.wfw.wtb.tue.nl
     status = opsys=linux,uname=Linux compute-0-12.local 2.6.18-164.6.1.el5 #1 SMP Tue Nov 3 16:12:36 EST 2009 x86_64,sessions=3265 10298 10687 13790 17503 18332 23668 25263,nsessions=8,nusers=6,idletime=1403823,totmem=114986704kb,availmem=113970668kb,physmem=49449548kb,ncpus=16,loadave=4.00,netload=32424270918155,state=free,jobs=257295.furnace.wfw.wtb.tue.nl 271751.furnace.wfw.wtb.tue.nl 271812.furnace.wfw.wtb.tue.nl 271856.furnace.wfw.wtb.tue.nl,varattr=,rectime=1419696628

compute-0-11
     state = job-exclusive
     np = 8
     properties = intel
     ntype = cluster
     jobs = 0/271845.furnace.wfw.wtb.tue.nl, 1/271845.furnace.wfw.wtb.tue.nl, 2/271845.furnace.wfw.wtb.tue.nl, 3/271845.furnace.wfw.wtb.tue.nl, 4/271845.furnace.wfw.wtb.tue.nl, 5/271845.furnace.wfw.wtb.tue.nl, 6/271845.furnace.wfw.wtb.tue.nl, 7/271845.furnace.wfw.wtb.tue.nl
     status = opsys=linux,uname=Linux compute-0-11.local 2.6.18-164.6.1.el5 #1 SMP Tue Nov 3 16:12:36 EST 2009 x86_64,sessions=19033,nsessions=1,nusers=1,idletime=5563522,totmem=114986704kb,availmem=78457404kb,physmem=49449548kb,ncpus=16,loadave=6.00,netload=5612536562860,state=free,jobs=246560.furnace.wfw.wtb.tue.nl 271845.furnace.wfw.wtb.tue.nl,varattr=,rectime=1419696626

compute-0-14
     state = job-exclusive
     np = 8
     properties = intel
     ntype = cluster
     jobs = 0/271901.furnace.wfw.wtb.tue.nl, 1/257800.furnace.wfw.wtb.tue.nl, 2/271901.furnace.wfw.wtb.tue.nl, 3/271901.furnace.wfw.wtb.tue.nl, 4/271901.furnace.wfw.wtb.tue.nl, 5/271901.furnace.wfw.wtb.tue.nl, 6/257297.furnace.wfw.wtb.tue.nl, 7/271901.furnace.wfw.wtb.tue.nl
     status = opsys=linux,uname=Linux compute-0-14.local 2.6.18-164.6.1.el5 #1 SMP Tue Nov 3 16:12:36 EST 2009 x86_64,sessions=5114 6765 27137,nsessions=3,nusers=2,idletime=1320228,totmem=114986704kb,availmem=83563488kb,physmem=49449548kb,ncpus=16,loadave=7.10,netload=3537574067038,state=free,jobs=257297.furnace.wfw.wtb.tue.nl 257800.furnace.wfw.wtb.tue.nl 271901.furnace.wfw.wtb.tue.nl,varattr=,rectime=1419696632

compute-0-13
     state = free
     np = 8
     properties = intel
     ntype = cluster
     jobs = 1/235141.furnace.wfw.wtb.tue.nl, 2/257520.furnace.wfw.wtb.tue.nl, 6/257299.furnace.wfw.wtb.tue.nl
     status = opsys=linux,uname=Linux compute-0-13.local 2.6.18-164.6.1.el5 #1 SMP Tue Nov 3 16:12:36 EST 2009 x86_64,sessions=931 22214 28957,nsessions=3,nusers=1,idletime=1402913,totmem=114986704kb,availmem=112382708kb,physmem=49449548kb,ncpus=16,loadave=3.00,netload=13529303227892,state=free,jobs=58976.furnace.wfw.wtb.tue.nl 235141.furnace.wfw.wtb.tue.nl 257299.furnace.wfw.wtb.tue.nl 257520.furnace.wfw.wtb.tue.nl,varattr=,rectime=1419696625

compute-0-16
     state = free
     np = 8
     properties = intel
     ntype = cluster
     jobs = 0/236042.furnace.wfw.wtb.tue.nl, 3/271648.furnace.wfw.wtb.tue.nl, 6/258280.furnace.wfw.wtb.tue.nl
     status = opsys=linux,uname=Linux compute-0-16.local 2.6.18-164.6.1.el5 #1 SMP Tue Nov 3 16:12:36 EST 2009 x86_64,sessions=4374 5130 5782 6730 9531 9985,nsessions=6,nusers=3,idletime=7459483,totmem=114986704kb,availmem=109648616kb,physmem=49449548kb,ncpus=16,loadave=3.00,netload=8854416022978,state=free,jobs=236042.furnace.wfw.wtb.tue.nl 258280.furnace.wfw.wtb.tue.nl 271648.furnace.wfw.wtb.tue.nl,varattr=,rectime=1419696609

compute-0-15
     state = job-exclusive
     np = 8
     properties = intel
     ntype = cluster
     jobs = 0/258281.furnace.wfw.wtb.tue.nl, 1/271902.furnace.wfw.wtb.tue.nl, 2/271902.furnace.wfw.wtb.tue.nl, 3/271902.furnace.wfw.wtb.tue.nl, 4/271902.furnace.wfw.wtb.tue.nl, 5/271902.furnace.wfw.wtb.tue.nl, 6/257529.furnace.wfw.wtb.tue.nl, 7/271902.furnace.wfw.wtb.tue.nl
     status = opsys=linux,uname=Linux compute-0-15.local 2.6.18-164.6.1.el5 #1 SMP Tue Nov 3 16:12:36 EST 2009 x86_64,sessions=405 583 1173 1522 7165 7350 20490 29681 30982 32556 32630,nsessions=11,nusers=5,idletime=715855,totmem=114986704kb,availmem=82148604kb,physmem=49449548kb,ncpus=16,loadave=7.00,netload=11363546973993,state=free,jobs=192564.furnace.wfw.wtb.tue.nl 216785.furnace.wfw.wtb.tue.nl 257529.furnace.wfw.wtb.tue.nl 258281.furnace.wfw.wtb.tue.nl 271902.furnace.wfw.wtb.tue.nl,varattr=,rectime=1419696603

compute-0-18
     state = job-exclusive
     np = 8
     properties = intel
     ntype = cluster
     jobs = 0/258282.furnace.wfw.wtb.tue.nl, 1/257416.furnace.wfw.wtb.tue.nl, 2/271903.furnace.wfw.wtb.tue.nl, 3/271903.furnace.wfw.wtb.tue.nl, 4/271903.furnace.wfw.wtb.tue.nl, 5/271903.furnace.wfw.wtb.tue.nl, 6/271903.furnace.wfw.wtb.tue.nl, 7/271903.furnace.wfw.wtb.tue.nl
     status = opsys=linux,uname=Linux compute-0-18.local 2.6.18-164.6.1.el5 #1 SMP Tue Nov 3 16:12:36 EST 2009 x86_64,sessions=8173 9966 26981,nsessions=3,nusers=2,idletime=807632,totmem=114986704kb,availmem=82830084kb,physmem=49449548kb,ncpus=16,loadave=7.05,netload=10533806972062,state=free,jobs=257416.furnace.wfw.wtb.tue.nl 258282.furnace.wfw.wtb.tue.nl 271903.furnace.wfw.wtb.tue.nl,varattr=,rectime=1419696639

compute-0-17
     state = job-exclusive
     np = 8
     properties = intel
     ntype = cluster
     jobs = 0/271846.furnace.wfw.wtb.tue.nl, 1/271846.furnace.wfw.wtb.tue.nl, 2/271846.furnace.wfw.wtb.tue.nl, 3/271846.furnace.wfw.wtb.tue.nl, 4/271846.furnace.wfw.wtb.tue.nl, 5/271846.furnace.wfw.wtb.tue.nl, 6/271846.furnace.wfw.wtb.tue.nl, 7/271846.furnace.wfw.wtb.tue.nl
     status = opsys=linux,uname=Linux compute-0-17.local 2.6.18-164.6.1.el5 #1 SMP Tue Nov 3 16:12:36 EST 2009 x86_64,sessions=8520 13448 27105,nsessions=3,nusers=2,idletime=5011442,totmem=114986704kb,availmem=78218796kb,physmem=49449548kb,ncpus=16,loadave=6.01,netload=12251833110632,state=free,jobs=216785.furnace.wfw.wtb.tue.nl 271846.furnace.wfw.wtb.tue.nl,varattr=,rectime=1419696641

compute-0-20
     state = free
     np = 8
     properties = intel
     ntype = cluster
     jobs = 2/257307.furnace.wfw.wtb.tue.nl, 3/257308.furnace.wfw.wtb.tue.nl, 4/237741.furnace.wfw.wtb.tue.nl, 5/257309.furnace.wfw.wtb.tue.nl, 7/257394.furnace.wfw.wtb.tue.nl
     status = opsys=linux,uname=Linux compute-0-20.local 2.6.18-164.6.1.el5 #1 SMP Tue Nov 3 16:12:36 EST 2009 x86_64,sessions=18029 27690 27753 28055 28473,nsessions=5,nusers=1,idletime=1319915,totmem=114986704kb,availmem=109344892kb,physmem=49449548kb,ncpus=16,loadave=5.00,netload=11778155881253,state=free,jobs=216785.furnace.wfw.wtb.tue.nl 237741.furnace.wfw.wtb.tue.nl 257307.furnace.wfw.wtb.tue.nl 257308.furnace.wfw.wtb.tue.nl 257309.furnace.wfw.wtb.tue.nl 257394.furnace.wfw.wtb.tue.nl,varattr=,rectime=1419696642

compute-0-21
     state = job-exclusive
     np = 8
     properties = intel
     ntype = cluster
     jobs = 0/271847.furnace.wfw.wtb.tue.nl, 1/271847.furnace.wfw.wtb.tue.nl, 2/271847.furnace.wfw.wtb.tue.nl, 3/271847.furnace.wfw.wtb.tue.nl, 4/271847.furnace.wfw.wtb.tue.nl, 5/271847.furnace.wfw.wtb.tue.nl, 6/271847.furnace.wfw.wtb.tue.nl, 7/271847.furnace.wfw.wtb.tue.nl
     status = opsys=linux,uname=Linux compute-0-21.local 2.6.18-164.6.1.el5 #1 SMP Tue Nov 3 16:12:36 EST 2009 x86_64,sessions=14297,nsessions=1,nusers=1,idletime=1319874,totmem=106712816kb,availmem=52042536kb,physmem=41175660kb,ncpus=16,loadave=6.00,netload=10533814505395,state=free,jobs=271847.furnace.wfw.wtb.tue.nl,varattr=,rectime=1419696614

compute-0-22
     state = job-exclusive
     np = 8
     properties = intel
     ntype = cluster
     jobs = 0/271848.furnace.wfw.wtb.tue.nl, 1/271848.furnace.wfw.wtb.tue.nl, 2/271848.furnace.wfw.wtb.tue.nl, 3/271848.furnace.wfw.wtb.tue.nl, 4/271848.furnace.wfw.wtb.tue.nl, 5/271848.furnace.wfw.wtb.tue.nl, 6/271848.furnace.wfw.wtb.tue.nl, 7/271848.furnace.wfw.wtb.tue.nl
     status = opsys=linux,uname=Linux compute-0-22.local 2.6.18-164.6.1.el5 #1 SMP Tue Nov 3 16:12:36 EST 2009 x86_64,sessions=17298 18686,nsessions=2,nusers=2,idletime=1402978,totmem=114986704kb,availmem=77808352kb,physmem=49449548kb,ncpus=16,loadave=6.23,netload=6923667873326,state=free,jobs=216785.furnace.wfw.wtb.tue.nl 271848.furnace.wfw.wtb.tue.nl,varattr=,rectime=1419696608

compute-0-19
     state = job-exclusive
     np = 8
     properties = intel
     ntype = cluster
     jobs = 0/271849.furnace.wfw.wtb.tue.nl, 1/271849.furnace.wfw.wtb.tue.nl, 2/271849.furnace.wfw.wtb.tue.nl, 3/271849.furnace.wfw.wtb.tue.nl, 4/271849.furnace.wfw.wtb.tue.nl, 5/271849.furnace.wfw.wtb.tue.nl, 6/271849.furnace.wfw.wtb.tue.nl, 7/271849.furnace.wfw.wtb.tue.nl
     status = opsys=linux,uname=Linux compute-0-19.local 2.6.18-164.6.1.el5 #1 SMP Tue Nov 3 16:12:36 EST 2009 x86_64,sessions=12809,nsessions=1,nusers=1,idletime=1377008,totmem=114986704kb,availmem=77951396kb,physmem=49449548kb,ncpus=16,loadave=6.00,netload=4595859689521,state=free,jobs=271849.furnace.wfw.wtb.tue.nl,varattr=,rectime=1419696630

compute-0-23
     state = down
     np = 8
     properties = intel
     ntype = cluster

compute-0-24
     state = job-exclusive
     np = 8
     properties = intel
     ntype = cluster
     jobs = 0/271850.furnace.wfw.wtb.tue.nl, 1/271850.furnace.wfw.wtb.tue.nl, 2/271850.furnace.wfw.wtb.tue.nl, 3/271850.furnace.wfw.wtb.tue.nl, 4/271850.furnace.wfw.wtb.tue.nl, 5/271850.furnace.wfw.wtb.tue.nl, 6/271850.furnace.wfw.wtb.tue.nl, 7/271850.furnace.wfw.wtb.tue.nl
     status = opsys=linux,uname=Linux compute-0-24.local 2.6.18-164.6.1.el5 #1 SMP Tue Nov 3 16:12:36 EST 2009 x86_64,sessions=8154 9446 16477 22803,nsessions=4,nusers=2,idletime=5729361,totmem=114986704kb,availmem=78203852kb,physmem=49449548kb,ncpus=16,loadave=6.03,netload=5794573993109,state=free,jobs=216785.furnace.wfw.wtb.tue.nl 271850.furnace.wfw.wtb.tue.nl,varattr=,rectime=1419696598

compute-0-25
     state = job-exclusive
     np = 8
     properties = intel
     ntype = cluster
     jobs = 0/271904.furnace.wfw.wtb.tue.nl, 1/271904.furnace.wfw.wtb.tue.nl, 2/271904.furnace.wfw.wtb.tue.nl, 3/271904.furnace.wfw.wtb.tue.nl, 4/271904.furnace.wfw.wtb.tue.nl, 5/271904.furnace.wfw.wtb.tue.nl, 6/257901.furnace.wfw.wtb.tue.nl, 7/256064.furnace.wfw.wtb.tue.nl
     status = opsys=linux,uname=Linux compute-0-25.local 2.6.18-164.6.1.el5 #1 SMP Tue Nov 3 16:12:36 EST 2009 x86_64,sessions=2627 16468 20333 30679,nsessions=4,nusers=3,idletime=1225786,totmem=114986704kb,availmem=83433112kb,physmem=49449548kb,ncpus=16,loadave=7.09,netload=6488753922038,state=free,jobs=256064.furnace.wfw.wtb.tue.nl 257901.furnace.wfw.wtb.tue.nl 271904.furnace.wfw.wtb.tue.nl,varattr=,rectime=1419696612

compute-0-26
     state = job-exclusive
     np = 8
     properties = intel
     ntype = cluster
     jobs = 0/271900.furnace.wfw.wtb.tue.nl, 1/271900.furnace.wfw.wtb.tue.nl, 2/271900.furnace.wfw.wtb.tue.nl, 3/256060.furnace.wfw.wtb.tue.nl, 4/271900.furnace.wfw.wtb.tue.nl, 5/271900.furnace.wfw.wtb.tue.nl, 6/271900.furnace.wfw.wtb.tue.nl, 7/271900.furnace.wfw.wtb.tue.nl
     status = opsys=linux,uname=Linux compute-0-26.local 2.6.18-164.6.1.el5 #1 SMP Tue Nov 3 16:12:36 EST 2009 x86_64,sessions=16611 19480,nsessions=2,nusers=2,idletime=891438,totmem=114986704kb,availmem=83449260kb,physmem=49449548kb,ncpus=16,loadave=6.00,netload=4493743323328,state=free,jobs=256060.furnace.wfw.wtb.tue.nl 271900.furnace.wfw.wtb.tue.nl,varattr=,rectime=1419696615

compute-0-27
     state = job-exclusive
     np = 8
     properties = intel
     ntype = cluster
     jobs = 0/241751.furnace.wfw.wtb.tue.nl, 1/271899.furnace.wfw.wtb.tue.nl, 2/271899.furnace.wfw.wtb.tue.nl, 3/271899.furnace.wfw.wtb.tue.nl, 4/271899.furnace.wfw.wtb.tue.nl, 5/271899.furnace.wfw.wtb.tue.nl, 6/271899.furnace.wfw.wtb.tue.nl, 7/271899.furnace.wfw.wtb.tue.nl
     status = opsys=linux,uname=Linux compute-0-27.local 2.6.18-164.6.1.el5 #1 SMP Tue Nov 3 16:12:36 EST 2009 x86_64,sessions=1619 6974 9936,nsessions=3,nusers=3,idletime=1578444,totmem=114986704kb,availmem=83194708kb,physmem=49449548kb,ncpus=16,loadave=6.00,netload=4108525234754,state=free,jobs=241751.furnace.wfw.wtb.tue.nl 271899.furnace.wfw.wtb.tue.nl,varattr=,rectime=1419696638

compute-0-28
     state = job-exclusive
     np = 8
     properties = intel
     ntype = cluster
     jobs = 0/271851.furnace.wfw.wtb.tue.nl, 1/271851.furnace.wfw.wtb.tue.nl, 2/271851.furnace.wfw.wtb.tue.nl, 3/271851.furnace.wfw.wtb.tue.nl, 4/271851.furnace.wfw.wtb.tue.nl, 5/271851.furnace.wfw.wtb.tue.nl, 6/271851.furnace.wfw.wtb.tue.nl, 7/271851.furnace.wfw.wtb.tue.nl
     status = opsys=linux,uname=Linux compute-0-28.local 2.6.18-164.6.1.el5 #1 SMP Tue Nov 3 16:12:36 EST 2009 x86_64,sessions=14485,nsessions=1,nusers=1,idletime=1455355,totmem=114986704kb,availmem=78611472kb,physmem=49449548kb,ncpus=16,loadave=6.02,netload=379989388502,state=free,jobs=271851.furnace.wfw.wtb.tue.nl,varattr=,rectime=1419696613

compute-0-29
     state = job-exclusive
     np = 8
     properties = intel
     ntype = cluster
     jobs = 0/271852.furnace.wfw.wtb.tue.nl, 1/271852.furnace.wfw.wtb.tue.nl, 2/271852.furnace.wfw.wtb.tue.nl, 3/271852.furnace.wfw.wtb.tue.nl, 4/271852.furnace.wfw.wtb.tue.nl, 5/271852.furnace.wfw.wtb.tue.nl, 6/271852.furnace.wfw.wtb.tue.nl, 7/271852.furnace.wfw.wtb.tue.nl
     status = opsys=linux,uname=Linux compute-0-29.local 2.6.18-164.6.1.el5 #1 SMP Tue Nov 3 16:12:36 EST 2009 x86_64,sessions=1388 20304,nsessions=2,nusers=2,idletime=13073282,totmem=114986704kb,availmem=78217272kb,physmem=49449548kb,ncpus=16,loadave=6.00,netload=5760066669834,state=free,jobs=271852.furnace.wfw.wtb.tue.nl,varattr=,rectime=1419696604

compute-0-30
     state = job-exclusive
     np = 8
     properties = intel
     ntype = cluster
     jobs = 0/271853.furnace.wfw.wtb.tue.nl, 1/271853.furnace.wfw.wtb.tue.nl, 2/271853.furnace.wfw.wtb.tue.nl, 3/271853.furnace.wfw.wtb.tue.nl, 4/271853.furnace.wfw.wtb.tue.nl, 5/271853.furnace.wfw.wtb.tue.nl, 6/271853.furnace.wfw.wtb.tue.nl, 7/271853.furnace.wfw.wtb.tue.nl
     status = opsys=linux,uname=Linux compute-0-30.local 2.6.18-164.6.1.el5 #1 SMP Tue Nov 3 16:12:36 EST 2009 x86_64,sessions=1501 24992 26131,nsessions=3,nusers=1,idletime=4080827,totmem=106712816kb,availmem=53427256kb,physmem=41175660kb,ncpus=16,loadave=6.00,netload=3443728576047,state=free,jobs=271853.furnace.wfw.wtb.tue.nl,varattr=,rectime=1419696622

compute-0-31
     state = job-exclusive
     np = 8
     properties = intel
     ntype = cluster
     jobs = 0/271854.furnace.wfw.wtb.tue.nl, 1/271854.furnace.wfw.wtb.tue.nl, 2/271854.furnace.wfw.wtb.tue.nl, 3/271854.furnace.wfw.wtb.tue.nl, 4/271854.furnace.wfw.wtb.tue.nl, 5/271854.furnace.wfw.wtb.tue.nl, 6/271854.furnace.wfw.wtb.tue.nl, 7/271854.furnace.wfw.wtb.tue.nl
     status = opsys=linux,uname=Linux compute-0-31.local 2.6.18-164.6.1.el5 #1 SMP Tue Nov 3 16:12:36 EST 2009 x86_64,sessions=14719,nsessions=1,nusers=1,idletime=5708003,totmem=114986704kb,availmem=77779128kb,physmem=49449548kb,ncpus=16,loadave=6.00,netload=3557651995798,state=free,jobs=271854.furnace.wfw.wtb.tue.nl,varattr=,rectime=1419696632

compute-0-32
     state = job-exclusive
     np = 8
     properties = intel
     ntype = cluster
     jobs = 0/271855.furnace.wfw.wtb.tue.nl, 1/271855.furnace.wfw.wtb.tue.nl, 2/271855.furnace.wfw.wtb.tue.nl, 3/271855.furnace.wfw.wtb.tue.nl, 4/271855.furnace.wfw.wtb.tue.nl, 5/271855.furnace.wfw.wtb.tue.nl, 6/271855.furnace.wfw.wtb.tue.nl, 7/271855.furnace.wfw.wtb.tue.nl
     status = opsys=linux,uname=Linux compute-0-32.local 2.6.18-164.6.1.el5 #1 SMP Tue Nov 3 16:12:36 EST 2009 x86_64,sessions=19860,nsessions=1,nusers=1,idletime=5299935,totmem=114986704kb,availmem=77593324kb,physmem=49449548kb,ncpus=16,loadave=6.04,netload=4731818455092,state=free,jobs=271855.furnace.wfw.wtb.tue.nl,varattr=,rectime=1419696600

